app/build/intermediates/manifest_merge_blame_file/debug/manifest-merger-blame-debug-report.txt
1<?xml version="1.0" encoding="utf-8"?>
2<manifest xmlns:android="http://schemas.android.com/apk/res/android"
3    package="com.google.ads.interactivemedia.v3.samples.videoplayerapp"
4    android:versionCode="1"
5    android:versionName="1.0" >
6
7    <uses-sdk
8        android:minSdkVersion="19"
9        android:targetSdkVersion="34" />
10
11    <!-- Required permissions for the IMA SDK -->
12    <uses-permission android:name="android.permission.INTERNET" />
12-->src/main/AndroidManifest.xml:5:5-66
12-->src/main/AndroidManifest.xml:5:22-64
13    <uses-permission android:name="android.permission.ACCESS_NETWORK_STATE" />
13-->src/main/AndroidManifest.xml:6:5-78
13-->src/main/AndroidManifest.xml:6:22-76
14    <uses-permission android:name="android.permission.POST_NOTIFICATIONS" />
14-->src/main/AndroidManifest.xml:7:5-76
14-->src/main/AndroidManifest.xml:7:22-74
15    <uses-permission android:name="com.google.android.gms.permission.AD_ID" />
15-->[com.google.ads.interactivemedia.v3:interactivemedia:3.30.3] AndroidManifest.xml:13:5-79
15-->[com.google.ads.interactivemedia.v3:interactivemedia:3.30.3] AndroidManifest.xml:13:22-76
16
17    <uses-feature
17-->[com.google.android.tv:tv-ads:1.0.0-alpha02] AndroidManifest.xml:11:5-13:36
18        android:name="android.software.leanback"
18-->[com.google.android.tv:tv-ads:1.0.0-alpha02] AndroidManifest.xml:12:9-49
19        android:required="false" />
19-->[com.google.android.tv:tv-ads:1.0.0-alpha02] AndroidManifest.xml:13:9-33
20    <uses-feature
20-->[com.google.android.tv:tv-ads:1.0.0-alpha02] AndroidManifest.xml:14:5-16:36
21        android:name="android.hardware.touchscreen"
21-->[com.google.android.tv:tv-ads:1.0.0-alpha02] AndroidManifest.xml:15:9-52
22        android:required="false" />
22-->[com.google.android.tv:tv-ads:1.0.0-alpha02] AndroidManifest.xml:16:9-33
23
24    <queries>
24-->[com.google.android.tv:tv-ads:1.0.0-alpha02] AndroidManifest.xml:20:5-24:15
25        <package android:name="com.google.android.apps.tv.launcherx" />
25-->[com.google.android.tv:tv-ads:1.0.0-alpha02] AndroidManifest.xml:21:9-72
25-->[com.google.android.tv:tv-ads:1.0.0-alpha02] AndroidManifest.xml:21:18-69
26        <package android:name="com.google.android.tvlauncher" />
26-->[com.google.android.tv:tv-ads:1.0.0-alpha02] AndroidManifest.xml:22:9-65
26-->[com.google.android.tv:tv-ads:1.0.0-alpha02] AndroidManifest.xml:22:18-62
27        <package android:name="com.google.android.tvrecommendations" />
27-->[com.google.android.tv:tv-ads:1.0.0-alpha02] AndroidManifest.xml:23:9-72
27-->[com.google.android.tv:tv-ads:1.0.0-alpha02] AndroidManifest.xml:23:18-69
28    </queries>
29
30    <permission
30-->[androidx.core:core:1.9.0] AndroidManifest.xml:22:5-24:47
31        android:name="com.google.ads.interactivemedia.v3.samples.videoplayerapp.DYNAMIC_RECEIVER_NOT_EXPORTED_PERMISSION"
31-->[androidx.core:core:1.9.0] AndroidManifest.xml:23:9-81
32        android:protectionLevel="signature" />
32-->[androidx.core:core:1.9.0] AndroidManifest.xml:24:9-44
33
34    <uses-permission android:name="com.google.ads.interactivemedia.v3.samples.videoplayerapp.DYNAMIC_RECEIVER_NOT_EXPORTED_PERMISSION" />
34-->[androidx.core:core:1.9.0] AndroidManifest.xml:26:5-97
34-->[androidx.core:core:1.9.0] AndroidManifest.xml:26:22-94
35
36    <application
36-->src/main/AndroidManifest.xml:8:5-23:19
37        android:allowBackup="true"
37-->src/main/AndroidManifest.xml:9:9-35
38        android:appComponentFactory="androidx.core.app.CoreComponentFactory"
38-->[androidx.core:core:1.9.0] AndroidManifest.xml:28:18-86
39        android:debuggable="true"
40        android:extractNativeLibs="true"
41        android:icon="@drawable/ic_launcher"
41-->src/main/AndroidManifest.xml:10:9-45
42        android:label="@string/app_name"
42-->src/main/AndroidManifest.xml:11:9-41
43        android:taskAffinity=""
43-->src/main/AndroidManifest.xml:12:9-32
44        android:testOnly="true" >
45        <activity
45-->src/main/AndroidManifest.xml:13:9-22:20
46            android:name="com.google.ads.interactivemedia.v3.samples.videoplayerapp.MyActivity"
46-->src/main/AndroidManifest.xml:14:13-39
47            android:configChanges="keyboard|keyboardHidden|orientation|screenLayout|uiMode|screenSize|smallestScreenSize"
47-->src/main/AndroidManifest.xml:16:13-122
48            android:exported="true"
48-->src/main/AndroidManifest.xml:17:13-36
49            android:label="@string/app_name" >
49-->src/main/AndroidManifest.xml:15:13-45
50            <intent-filter>
50-->src/main/AndroidManifest.xml:18:13-21:29
51                <action android:name="android.intent.action.MAIN" />
51-->src/main/AndroidManifest.xml:19:17-69
51-->src/main/AndroidManifest.xml:19:25-66
52
53                <category android:name="android.intent.category.LAUNCHER" />
53-->src/main/AndroidManifest.xml:20:17-77
53-->src/main/AndroidManifest.xml:20:27-74
54            </intent-filter>
55        </activity>
56
57        <meta-data
57-->[androidx.media3:media3-exoplayer-ima:1.1.1] AndroidManifest.xml:25:9-27:36
58            android:name="com.google.android.gms.ads.AD_MANAGER_APP"
58-->[androidx.media3:media3-exoplayer-ima:1.1.1] AndroidManifest.xml:26:13-69
59            android:value="true" />
59-->[androidx.media3:media3-exoplayer-ima:1.1.1] AndroidManifest.xml:27:13-33
60        <meta-data
60-->[androidx.media3:media3-exoplayer-ima:1.1.1] AndroidManifest.xml:28:9-30:69
61            android:name="com.google.android.gms.version"
61-->[androidx.media3:media3-exoplayer-ima:1.1.1] AndroidManifest.xml:29:13-58
62            android:value="@integer/google_play_services_version" />
62-->[androidx.media3:media3-exoplayer-ima:1.1.1] AndroidManifest.xml:30:13-66
63
64        <activity
64-->[com.google.android.tv:tv-ads:1.0.0-alpha02] AndroidManifest.xml:27:9-31:20
65            android:name="com.google.android.tv.ads.controls.FallbackImageActivity"
65-->[com.google.android.tv:tv-ads:1.0.0-alpha02] AndroidManifest.xml:28:13-84
66            android:exported="false"
66-->[com.google.android.tv:tv-ads:1.0.0-alpha02] AndroidManifest.xml:29:13-37
67            android:theme="@style/Theme.AppCompat.NoActionBar.Translucent" >
67-->[com.google.android.tv:tv-ads:1.0.0-alpha02] AndroidManifest.xml:30:13-75
68        </activity>
69        <activity
69-->[com.google.android.gms:play-services-base:18.2.0] AndroidManifest.xml:20:9-22:45
70            android:name="com.google.android.gms.common.api.GoogleApiActivity"
70-->[com.google.android.gms:play-services-base:18.2.0] AndroidManifest.xml:20:19-85
71            android:exported="false"
71-->[com.google.android.gms:play-services-base:18.2.0] AndroidManifest.xml:22:19-43
72            android:theme="@android:style/Theme.Translucent.NoTitleBar" />
72-->[com.google.android.gms:play-services-base:18.2.0] AndroidManifest.xml:21:19-78
73
74        <provider
74-->[androidx.emoji2:emoji2:1.2.0] AndroidManifest.xml:24:9-32:20
75            android:name="androidx.startup.InitializationProvider"
75-->[androidx.emoji2:emoji2:1.2.0] AndroidManifest.xml:25:13-67
76            android:authorities="com.google.ads.interactivemedia.v3.samples.videoplayerapp.androidx-startup"
76-->[androidx.emoji2:emoji2:1.2.0] AndroidManifest.xml:26:13-68
77            android:exported="false" >
77-->[androidx.emoji2:emoji2:1.2.0] AndroidManifest.xml:27:13-37
78            <meta-data
78-->[androidx.emoji2:emoji2:1.2.0] AndroidManifest.xml:29:13-31:52
79                android:name="androidx.emoji2.text.EmojiCompatInitializer"
79-->[androidx.emoji2:emoji2:1.2.0] AndroidManifest.xml:30:17-75
80                android:value="androidx.startup" />
80-->[androidx.emoji2:emoji2:1.2.0] AndroidManifest.xml:31:17-49
81            <meta-data
81-->[androidx.lifecycle:lifecycle-process:2.4.1] AndroidManifest.xml:31:13-33:52
82                android:name="androidx.lifecycle.ProcessLifecycleInitializer"
82-->[androidx.lifecycle:lifecycle-process:2.4.1] AndroidManifest.xml:32:17-78
83                android:value="androidx.startup" />
83-->[androidx.lifecycle:lifecycle-process:2.4.1] AndroidManifest.xml:33:17-49
84        </provider>
85    </application>
86
87</manifest>